2026-04-19 20:21:27,312 INFO o.a.j.u.JMeterUtils: Setting Locale to en_EN
2026-04-19 20:21:27,324 INFO o.a.j.JMeter: Loading user properties from: /Users/muhammadaldofahrezy/Documents/Developer/apache-jmeter-5.6.3/bin/user.properties
2026-04-19 20:21:27,325 INFO o.a.j.JMeter: Loading system properties from: /Users/muhammadaldofahrezy/Documents/Developer/apache-jmeter-5.6.3/bin/system.properties
2026-04-19 20:21:27,327 INFO o.a.j.JMeter: Copyright (c) 1998-2024 The Apache Software Foundation
2026-04-19 20:21:27,327 INFO o.a.j.JMeter: Version 5.6.3
2026-04-19 20:21:27,327 INFO o.a.j.JMeter: java.version=21.0.10
2026-04-19 20:21:27,327 INFO o.a.j.JMeter: java.vm.name=Java HotSpot(TM) 64-Bit Server VM
2026-04-19 20:21:27,327 INFO o.a.j.JMeter: os.name=Mac OS X
2026-04-19 20:21:27,327 INFO o.a.j.JMeter: os.arch=aarch64
2026-04-19 20:21:27,327 INFO o.a.j.JMeter: os.version=26.2
2026-04-19 20:21:27,327 INFO o.a.j.JMeter: file.encoding=UTF-8
2026-04-19 20:21:27,327 INFO o.a.j.JMeter: java.awt.headless=true
2026-04-19 20:21:27,327 INFO o.a.j.JMeter: Max memory     =1073741824
2026-04-19 20:21:27,327 INFO o.a.j.JMeter: Available Processors =8
2026-04-19 20:21:27,333 INFO o.a.j.JMeter: Default Locale=English (EN)
2026-04-19 20:21:27,333 INFO o.a.j.JMeter: JMeter  Locale=English (EN)
2026-04-19 20:21:27,333 INFO o.a.j.JMeter: JMeterHome=/Users/muhammadaldofahrezy/Documents/Developer/apache-jmeter-5.6.3
2026-04-19 20:21:27,333 INFO o.a.j.JMeter: user.dir  =/Users/muhammadaldofahrezy/Documents/College/Semester 4/3. ADPRO/4. Modules/Module 7/exercise-profiling
2026-04-19 20:21:27,333 INFO o.a.j.JMeter: PWD       =/Users/muhammadaldofahrezy/Documents/College/Semester 4/3. ADPRO/4. Modules/Module 7/exercise-profiling
2026-04-19 20:21:27,335 INFO o.a.j.JMeter: IP: 127.0.0.1 Name: Muhammads-MacBook-Pro-3.local FullName: localhost
2026-04-19 20:21:27,343 INFO o.a.j.s.FileServer: Default base='/Users/muhammadaldofahrezy/Documents/College/Semester 4/3. ADPRO/4. Modules/Module 7/exercise-profiling'
2026-04-19 20:21:27,344 INFO o.a.j.s.FileServer: Set new base='/Users/muhammadaldofahrezy/Documents/College/Semester 4/3. ADPRO/4. Modules/Module 7/exercise-profiling'
2026-04-19 20:21:27,432 INFO o.a.j.s.SaveService: Testplan (JMX) version: 2.2. Testlog (JTL) version: 2.2
2026-04-19 20:21:27,454 INFO o.a.j.s.SaveService: Using SaveService properties version 5.0
2026-04-19 20:21:27,455 INFO o.a.j.s.SaveService: Using SaveService properties file encoding UTF-8
2026-04-19 20:21:27,457 INFO o.a.j.s.SaveService: Loading file: test_plan_2.jmx
2026-04-19 20:21:27,491 INFO o.a.j.p.h.s.HTTPSamplerBase: Parser for text/html is org.apache.jmeter.protocol.http.parser.LagartoBasedHtmlParser
2026-04-19 20:21:27,491 INFO o.a.j.p.h.s.HTTPSamplerBase: Parser for application/xhtml+xml is org.apache.jmeter.protocol.http.parser.LagartoBasedHtmlParser
2026-04-19 20:21:27,491 INFO o.a.j.p.h.s.HTTPSamplerBase: Parser for application/xml is org.apache.jmeter.protocol.http.parser.LagartoBasedHtmlParser
2026-04-19 20:21:27,491 INFO o.a.j.p.h.s.HTTPSamplerBase: Parser for text/xml is org.apache.jmeter.protocol.http.parser.LagartoBasedHtmlParser
2026-04-19 20:21:27,491 INFO o.a.j.p.h.s.HTTPSamplerBase: Parser for text/vnd.wap.wml is org.apache.jmeter.protocol.http.parser.RegexpHTMLParser
2026-04-19 20:21:27,491 INFO o.a.j.p.h.s.HTTPSamplerBase: Parser for text/css is org.apache.jmeter.protocol.http.parser.CssParser
2026-04-19 20:21:27,505 INFO o.a.j.JMeter: Creating summariser <summary>
2026-04-19 20:21:27,511 INFO o.a.j.e.StandardJMeterEngine: Running the test!
2026-04-19 20:21:27,512 INFO o.a.j.s.SampleEvent: List of sample_variables: []
2026-04-19 20:21:27,512 INFO o.a.j.s.SampleEvent: List of sample_variables: []
2026-04-19 20:21:27,514 INFO o.a.j.e.u.CompoundVariable: Note: Function class names must contain the string: '.functions.'
2026-04-19 20:21:27,514 INFO o.a.j.e.u.CompoundVariable: Note: Function class names must not contain the string: '.gui.'
2026-04-19 20:21:27,555 INFO o.a.j.JMeter: Running test (1776604887555)
2026-04-19 20:21:27,572 INFO o.a.j.e.StandardJMeterEngine: Starting ThreadGroup: 1 : Thread Group 1
2026-04-19 20:21:27,572 INFO o.a.j.e.StandardJMeterEngine: Starting 10 threads for group Thread Group 1.
2026-04-19 20:21:27,573 INFO o.a.j.e.StandardJMeterEngine: Thread will continue on error
2026-04-19 20:21:27,573 INFO o.a.j.t.ThreadGroup: Starting thread group... number=1 threads=10 ramp-up=1 delayedStart=false
2026-04-19 20:21:27,577 INFO o.a.j.t.JMeterThread: Thread started: Thread Group 1 1-1
2026-04-19 20:21:27,577 INFO o.a.j.t.ThreadGroup: Started thread group number 1
2026-04-19 20:21:27,578 INFO o.a.j.e.StandardJMeterEngine: All thread groups have been started
2026-04-19 20:21:27,589 INFO o.a.j.p.h.s.HTTPHCAbstractImpl: Local host = Muhammads-MacBook-Pro-3.local
2026-04-19 20:21:27,596 INFO o.a.j.p.h.s.HTTPHC4Impl: HTTP request retry count = 0
2026-04-19 20:21:27,597 INFO o.a.j.s.SampleResult: Note: Sample TimeStamps are START times
2026-04-19 20:21:27,597 INFO o.a.j.s.SampleResult: sampleresult.default.encoding is set to UTF-8
2026-04-19 20:21:27,597 INFO o.a.j.s.SampleResult: sampleresult.useNanoTime=true
2026-04-19 20:21:27,597 INFO o.a.j.s.SampleResult: sampleresult.nanoThreadSleep=5000
2026-04-19 20:21:27,680 INFO o.a.j.t.JMeterThread: Thread started: Thread Group 1 1-2
2026-04-19 20:21:27,778 INFO o.a.j.t.JMeterThread: Thread started: Thread Group 1 1-3
2026-04-19 20:21:27,805 INFO o.a.j.t.JMeterThread: Thread is done: Thread Group 1 1-2
2026-04-19 20:21:27,805 INFO o.a.j.t.JMeterThread: Thread is done: Thread Group 1 1-1
2026-04-19 20:21:27,806 INFO o.a.j.t.JMeterThread: Thread finished: Thread Group 1 1-2
2026-04-19 20:21:27,806 INFO o.a.j.t.JMeterThread: Thread finished: Thread Group 1 1-1
2026-04-19 20:21:27,876 INFO o.a.j.t.JMeterThread: Thread is done: Thread Group 1 1-3
2026-04-19 20:21:27,876 INFO o.a.j.t.JMeterThread: Thread finished: Thread Group 1 1-3
2026-04-19 20:21:27,878 INFO o.a.j.t.JMeterThread: Thread started: Thread Group 1 1-4
2026-04-19 20:21:27,975 INFO o.a.j.t.JMeterThread: Thread started: Thread Group 1 1-5
2026-04-19 20:21:28,078 INFO o.a.j.t.JMeterThread: Thread started: Thread Group 1 1-6
2026-04-19 20:21:28,178 INFO o.a.j.t.JMeterThread: Thread started: Thread Group 1 1-7
2026-04-19 20:21:28,275 INFO o.a.j.t.JMeterThread: Thread started: Thread Group 1 1-8
2026-04-19 20:21:28,309 INFO o.a.j.t.JMeterThread: Thread is done: Thread Group 1 1-4
2026-04-19 20:21:28,310 INFO o.a.j.t.JMeterThread: Thread finished: Thread Group 1 1-4
2026-04-19 20:21:28,378 INFO o.a.j.t.JMeterThread: Thread started: Thread Group 1 1-9
2026-04-19 20:21:28,474 INFO o.a.j.t.JMeterThread: Thread started: Thread Group 1 1-10
2026-04-19 20:21:28,704 INFO o.a.j.t.JMeterThread: Thread is done: Thread Group 1 1-6
2026-04-19 20:21:28,704 INFO o.a.j.t.JMeterThread: Thread finished: Thread Group 1 1-6
2026-04-19 20:21:28,736 INFO o.a.j.t.JMeterThread: Thread is done: Thread Group 1 1-5
2026-04-19 20:21:28,738 INFO o.a.j.t.JMeterThread: Thread finished: Thread Group 1 1-5
2026-04-19 20:21:28,757 INFO o.a.j.t.JMeterThread: Thread is done: Thread Group 1 1-7
2026-04-19 20:21:28,757 INFO o.a.j.t.JMeterThread: Thread finished: Thread Group 1 1-7
2026-04-19 20:21:28,823 INFO o.a.j.t.JMeterThread: Thread is done: Thread Group 1 1-8
2026-04-19 20:21:28,823 INFO o.a.j.t.JMeterThread: Thread finished: Thread Group 1 1-8
2026-04-19 20:21:28,872 INFO o.a.j.t.JMeterThread: Thread is done: Thread Group 1 1-9
2026-04-19 20:21:28,872 INFO o.a.j.t.JMeterThread: Thread finished: Thread Group 1 1-9
2026-04-19 20:21:28,985 INFO o.a.j.t.JMeterThread: Thread is done: Thread Group 1 1-10
2026-04-19 20:21:28,985 INFO o.a.j.t.JMeterThread: Thread finished: Thread Group 1 1-10
2026-04-19 20:21:28,985 INFO o.a.j.e.StandardJMeterEngine: Notifying test listeners of end of test
2026-04-19 20:21:28,989 INFO o.a.j.r.Summariser: summary =     10 in 00:00:01 =    7.0/s Avg:   431 Min:    97 Max:   759 Err:     0 (0.00%)
